Flow report for mostradordecimal
Wed May 09 15:38:20 2012
Quartus II Version 11.0 Build 208 07/03/2011 Service Pack 1 SJ Web Edition


---------------------
; Table of Contents ;
---------------------
  1. Legal Notice
  2. Flow Summary
  3. Flow Settings
  4. Flow Non-Default Global Settings
  5. Flow Elapsed Time
  6. Flow OS Summary
  7. Flow Log



----------------
; Legal Notice ;
----------------
Copyright (C) 1991-2011 Altera Corporation
Your use of Altera Corporation's design tools, logic functions 
and other software and tools, and its AMPP partner logic 
functions, and any output files from any of the foregoing 
(including device programming or simulation files), and any 
associated documentation or information are expressly subject 
to the terms and conditions of the Altera Program License 
Subscription Agreement, Altera MegaCore Function License 
Agreement, or other applicable license agreement, including, 
without limitation, that your use is for the sole purpose of 
programming logic devices manufactured by Altera and sold by 
Altera or its authorized distributors.  Please refer to the 
applicable agreement for further details.



+------------------------------------------------------------------------------------+
; Flow Summary                                                                       ;
+------------------------------------+-----------------------------------------------+
; Flow Status                        ; Successful - Wed May 09 15:38:20 2012         ;
; Quartus II Version                 ; 11.0 Build 208 07/03/2011 SP 1 SJ Web Edition ;
; Revision Name                      ; mostradordecimal                              ;
; Top-level Entity Name              ; mostradordecimal                              ;
; Family                             ; Cyclone II                                    ;
; Device                             ; EP2C70F896C6                                  ;
; Timing Models                      ; Final                                         ;
; Total logic elements               ; 8 / 68,416 ( < 1 % )                          ;
;     Total combinational functions  ; 8 / 68,416 ( < 1 % )                          ;
;     Dedicated logic registers      ; 0 / 68,416 ( 0 % )                            ;
; Total registers                    ; 0                                             ;
; Total pins                         ; 16 / 622 ( 3 % )                              ;
; Total virtual pins                 ; 0                                             ;
; Total memory bits                  ; 0 / 1,152,000 ( 0 % )                         ;
; Embedded Multiplier 9-bit elements ; 0 / 300 ( 0 % )                               ;
; Total PLLs                         ; 0 / 4 ( 0 % )                                 ;
+------------------------------------+-----------------------------------------------+


+-----------------------------------------+
; Flow Settings                           ;
+-------------------+---------------------+
; Option            ; Setting             ;
+-------------------+---------------------+
; Start date & time ; 05/09/2012 15:37:38 ;
; Main task         ; Compilation         ;
; Revision Name     ; mostradordecimal    ;
+-------------------+---------------------+


+---------------------------------------------------------------------------------------------------------------+
; Flow Non-Default Global Settings                                                                              ;
+-------------------------------------+------------------------------+---------------+-------------+------------+
; Assignment Name                     ; Value                        ; Default Value ; Entity Name ; Section Id ;
+-------------------------------------+------------------------------+---------------+-------------+------------+
; COMPILER_SIGNATURE_ID               ; 131208956562.133658865703332 ; --            ; --          ; --         ;
; MAX_CORE_JUNCTION_TEMP              ; 85                           ; --            ; --          ; --         ;
; MIN_CORE_JUNCTION_TEMP              ; 0                            ; --            ; --          ; --         ;
; PARTITION_COLOR                     ; 16764057                     ; --            ; --          ; Top        ;
; PARTITION_FITTER_PRESERVATION_LEVEL ; PLACEMENT_AND_ROUTING        ; --            ; --          ; Top        ;
; PARTITION_NETLIST_TYPE              ; SOURCE                       ; --            ; --          ; Top        ;
+-------------------------------------+------------------------------+---------------+-------------+------------+


+-------------------------------------------------------------------------------------------------------------------------------+
; Flow Elapsed Time                                                                                                             ;
+---------------------------+--------------+-------------------------+---------------------+------------------------------------+
; Module Name               ; Elapsed Time ; Average Processors Used ; Peak Virtual Memory ; Total CPU Time (on all processors) ;
+---------------------------+--------------+-------------------------+---------------------+------------------------------------+
; Analysis & Synthesis      ; 00:00:03     ; 1.0                     ; 219 MB              ; 00:00:01                           ;
; Fitter                    ; 00:00:14     ; 1.0                     ; 395 MB              ; 00:00:10                           ;
; TimeQuest Timing Analyzer ; 00:00:08     ; 1.0                     ; 252 MB              ; 00:00:02                           ;
; Assembler                 ; 00:00:18     ; 1.0                     ; 341 MB              ; 00:00:05                           ;
; Total                     ; 00:00:43     ; --                      ; --                  ; 00:00:18                           ;
+---------------------------+--------------+-------------------------+---------------------+------------------------------------+


+-----------------------------------------------------------------------------------------+
; Flow OS Summary                                                                         ;
+---------------------------+------------------+------------+------------+----------------+
; Module Name               ; Machine Hostname ; OS Name    ; OS Version ; Processor type ;
+---------------------------+------------------+------------+------------+----------------+
; Analysis & Synthesis      ; sap2-05          ; Windows XP ; 5.1        ; i686           ;
; Fitter                    ; sap2-05          ; Windows XP ; 5.1        ; i686           ;
; TimeQuest Timing Analyzer ; sap2-05          ; Windows XP ; 5.1        ; i686           ;
; Assembler                 ; sap2-05          ; Windows XP ; 5.1        ; i686           ;
+---------------------------+------------------+------------+------------+----------------+


------------
; Flow Log ;
------------
quartus_map --read_settings_files=on --write_settings_files=off mostradordecimal -c mostradordecimal
quartus_fit --read_settings_files=off --write_settings_files=off mostradordecimal -c mostradordecimal
quartus_sta mostradordecimal -c mostradordecimal
quartus_asm --read_settings_files=off --write_settings_files=off mostradordecimal -c mostradordecimal



